<?xml version="1.0" encoding="UTF-8"?>
<testng-results ignored="0" total="1" passed="1" failed="0" skipped="0">
  <reporter-output>
  </reporter-output>
  <suite started-at="2024-03-31T18:37:21 IST" name="Default suite" finished-at="2024-03-31T18:37:35 IST" duration-ms="13774">
    <groups>
    </groups>
    <test started-at="2024-03-31T18:37:21 IST" name="Default test" finished-at="2024-03-31T18:37:35 IST" duration-ms="13774">
      <class name="AyushmanDhar.RedBusQ2.AppTest">
        <test-method is-config="true" signature="initializeDriver()[pri:0, instance:AyushmanDhar.RedBusQ2.AppTest@3b6ddd1d]" started-at="2024-03-31T18:37:21 IST" name="initializeDriver" finished-at="2024-03-31T18:37:22 IST" duration-ms="1347" status="PASS">
          <reporter-output>
          </reporter-output>
        </test-method> <!-- initializeDriver -->
        <test-method signature="busSeatSelectionTest()[pri:0, instance:AyushmanDhar.RedBusQ2.AppTest@3b6ddd1d]" started-at="2024-03-31T18:37:22 IST" name="busSeatSelectionTest" finished-at="2024-03-31T18:37:35 IST" duration-ms="12316" status="PASS">
          <reporter-output>
          </reporter-output>
        </test-method> <!-- busSeatSelectionTest -->
        <test-method is-config="true" signature="tearDown()[pri:0, instance:AyushmanDhar.RedBusQ2.AppTest@3b6ddd1d]" started-at="2024-03-31T18:37:35 IST" name="tearDown" finished-at="2024-03-31T18:37:35 IST" duration-ms="92" status="PASS">
          <reporter-output>
          </reporter-output>
        </test-method> <!-- tearDown -->
      </class> <!-- AyushmanDhar.RedBusQ2.AppTest -->
    </test> <!-- Default test -->
  </suite> <!-- Default suite -->
</testng-results>
