<?xml version="1.0" encoding="UTF-8"?>
<testng-results ignored="0" total="1" passed="1" failed="0" skipped="0">
  <reporter-output>
  </reporter-output>
  <suite started-at="2024-03-31T19:14:41 IST" name="Default suite" finished-at="2024-03-31T19:14:55 IST" duration-ms="14441">
    <groups>
    </groups>
    <test started-at="2024-03-31T19:14:41 IST" name="Default test" finished-at="2024-03-31T19:14:55 IST" duration-ms="14441">
      <class name="AyushmanDhar.RedBusQ2.RedBusSeatBooking">
        <test-method is-config="true" signature="initializeDriver()[pri:0, instance:AyushmanDhar.RedBusQ2.RedBusSeatBooking@3b6ddd1d]" started-at="2024-03-31T19:14:41 IST" name="initializeDriver" finished-at="2024-03-31T19:14:43 IST" duration-ms="1906" status="PASS">
          <reporter-output>
          </reporter-output>
        </test-method> <!-- initializeDriver -->
        <test-method signature="busSeatSelectionTest()[pri:0, instance:AyushmanDhar.RedBusQ2.RedBusSeatBooking@3b6ddd1d]" started-at="2024-03-31T19:14:43 IST" name="busSeatSelectionTest" finished-at="2024-03-31T19:14:55 IST" duration-ms="12421" status="PASS">
          <reporter-output>
          </reporter-output>
        </test-method> <!-- busSeatSelectionTest -->
        <test-method is-config="true" signature="tearDown()[pri:0, instance:AyushmanDhar.RedBusQ2.RedBusSeatBooking@3b6ddd1d]" started-at="2024-03-31T19:14:55 IST" name="tearDown" finished-at="2024-03-31T19:14:55 IST" duration-ms="94" status="PASS">
          <reporter-output>
          </reporter-output>
        </test-method> <!-- tearDown -->
      </class> <!-- AyushmanDhar.RedBusQ2.RedBusSeatBooking -->
    </test> <!-- Default test -->
  </suite> <!-- Default suite -->
</testng-results>
